<?xml version="1.0" encoding="UTF-8"?>
<!-- Generated by org.testng.reporters.JUnitXMLReporter -->
<testsuite ignored="0" hostname="RAMYA-S" failures="0" tests="3" name="ModuleOneTest" time="0.3" errors="0" timestamp="2023-05-10T17:49:42 IST">
  <testcase classname="testScripts.LoginTest" name="@BeforeMethod setup" time="0.005">
    <failure type="java.io.FileNotFoundException" message="D:\Selenium\testngSamples\src\test\resources\configFiles\config.properties (The system cannot find the file specified)">
      <![CDATA[java.io.FileNotFoundException: D:\Selenium\testngSamples\src\test\resources\configFiles\config.properties (The system cannot find the file specified)
at java.base/java.io.FileInputStream.open0(Native Method)
at java.base/java.io.FileInputStream.open(FileInputStream.java:211)
at java.base/java.io.FileInputStream.<init>(FileInputStream.java:153)
at java.base/java.io.FileInputStream.<init>(FileInputStream.java:108)
at testScripts.LoginTest.setup(LoginTest.java:50)
at java.base/java.util.ArrayList.forEach(ArrayList.java:1511)
... Removed 31 stack frames]]>
    </failure>
  </testcase> <!-- @BeforeMethod setup -->
  <testcase classname="testScripts.LoginTest" name="@AfterMethod tearDown" time="-1.683721182066E9">
    <skipped/>
  </testcase> <!-- @AfterMethod tearDown -->
  <testcase classname="testScripts.LoginTest" name="@BeforeMethod setup" time="-1.683721182068E9">
    <skipped/>
  </testcase> <!-- @BeforeMethod setup -->
  <testcase classname="testScripts.LoginTest" name="@AfterMethod tearDown" time="-1.683721182072E9">
    <skipped/>
  </testcase> <!-- @AfterMethod tearDown -->
  <testcase classname="testScripts.LoginTest" name="@BeforeMethod setup" time="-1.683721182073E9">
    <skipped/>
  </testcase> <!-- @BeforeMethod setup -->
  <testcase classname="testScripts.LoginTest" name="@AfterMethod tearDown" time="-1.683721182076E9">
    <skipped/>
  </testcase> <!-- @AfterMethod tearDown -->
  <testcase classname="testScripts.LoginTest" name="validLogin" time="0.001">
    <skipped/>
  </testcase> <!-- validLogin -->
  <testcase classname="testScripts.LoginTest" name="validLogin" time="0.0">
    <skipped/>
  </testcase> <!-- validLogin -->
  <testcase classname="testScripts.LoginTest" name="validLogin" time="0.0">
    <skipped/>
  </testcase> <!-- validLogin -->
</testsuite> <!-- ModuleOneTest -->
